Using pre-set license
Built from '2021.3/staging' branch; Version is '2021.3.18f1 (3129e69bc0c7) revision 3221990'; Using compiler version '192829333'; Build Type 'Release'
OS: 'Windows 11  (10.0.22621) 64bit Education' Language: 'nl' Physical Memory: 7926 MB
BatchMode: 1, IsHumanControllingUs: 0, StartBugReporterOnCrash: 0, Is64bit: 1, IsPro: 1

COMMAND LINE ARGUMENTS:
C:\Program Files\Unity\Hub\Editor\2021.3.18f1\Editor\Unity.exe
-adb2
-batchMode
-noUpm
-name
AssetImportWorker1
-projectPath
C:/Users/thiena/DashToDish/DashToDish
-logFile
Logs/AssetImportWorker1.log
-srvPort
64735
Successfully changed project path to: C:/Users/thiena/DashToDish/DashToDish
C:/Users/thiena/DashToDish/DashToDish
[UnityMemory] Configuration Parameters - Can be set up in boot.config
    "memorysetup-bucket-allocator-granularity=16"
    "memorysetup-bucket-allocator-bucket-count=8"
    "memorysetup-bucket-allocator-block-size=33554432"
    "memorysetup-bucket-allocator-block-count=8"
    "memorysetup-main-allocator-block-size=16777216"
    "memorysetup-thread-allocator-block-size=16777216"
    "memorysetup-gfx-main-allocator-block-size=16777216"
    "memorysetup-gfx-thread-allocator-block-size=16777216"
    "memorysetup-cache-allocator-block-size=4194304"
    "memorysetup-typetree-allocator-block-size=2097152"
    "memorysetup-profiler-bucket-allocator-granularity=16"
    "memorysetup-profiler-bucket-allocator-bucket-count=8"
    "memorysetup-profiler-bucket-allocator-block-size=33554432"
    "memorysetup-profiler-bucket-allocator-block-count=8"
    "memorysetup-profiler-allocator-block-size=16777216"
    "memorysetup-profiler-editor-allocator-block-size=1048576"
    "memorysetup-temp-allocator-size-main=16777216"
    "memorysetup-job-temp-allocator-block-size=2097152"
    "memorysetup-job-temp-allocator-block-size-background=1048576"
    "memorysetup-job-temp-allocator-reduction-small-platforms=262144"
    "memorysetup-temp-allocator-size-background-worker=32768"
    "memorysetup-temp-allocator-size-job-worker=262144"
    "memorysetup-temp-allocator-size-preload-manager=33554432"
    "memorysetup-temp-allocator-size-nav-mesh-worker=65536"
    "memorysetup-temp-allocator-size-audio-worker=65536"
    "memorysetup-temp-allocator-size-cloud-worker=32768"
    "memorysetup-temp-allocator-size-gi-baking-worker=262144"
    "memorysetup-temp-allocator-size-gfx=262144"
Player connection [17472] Host "[IP] 192.168.56.1 [Port] 0 [Flags] 2 [Guid] 1543796127 [EditorId] 1543796127 [Version] 1048832 [Id] WindowsEditor(7,LaptopAyden6IT) [Debug] 1 [PackageName] WindowsEditor [ProjectName] Editor" joined multi-casting on [225.0.0.222:54997]...

Player connection [17472] Host "[IP] 192.168.56.1 [Port] 0 [Flags] 2 [Guid] 1543796127 [EditorId] 1543796127 [Version] 1048832 [Id] WindowsEditor(7,LaptopAyden6IT) [Debug] 1 [PackageName] WindowsEditor [ProjectName] Editor" joined alternative multi-casting on [225.0.0.222:34997]...

Refreshing native plugins compatible for Editor in 57.48 ms, found 3 plugins.
Preloading 0 native plugins for Editor in 0.00 ms.
Initialize engine version: 2021.3.18f1 (3129e69bc0c7)
[Subsystems] Discovering subsystems at path C:/Program Files/Unity/Hub/Editor/2021.3.18f1/Editor/Data/Resources/UnitySubsystems
[Subsystems] Discovering subsystems at path C:/Users/thiena/DashToDish/DashToDish/Assets
GfxDevice: creating device client; threaded=0; jobified=0
Direct3D:
    Version:  Direct3D 11.0 [level 11.1]
    Renderer: Intel(R) Iris(R) Xe Graphics (ID=0x9a49)
    Vendor:   Intel
    VRAM:     3963 MB
    Driver:   31.0.101.3616
Initialize mono
Mono path[0] = 'C:/Program Files/Unity/Hub/Editor/2021.3.18f1/Editor/Data/Managed'
Mono path[1] = 'C:/Program Files/Unity/Hub/Editor/2021.3.18f1/Editor/Data/MonoBleedingEdge/lib/mono/unityjit-win32'
Mono config path = 'C:/Program Files/Unity/Hub/Editor/2021.3.18f1/Editor/Data/MonoBleedingEdge/etc'
Using monoOptions --debugger-agent=transport=dt_socket,embedding=1,server=y,suspend=n,address=127.0.0.1:56408
Begin MonoManager ReloadAssembly
Registering precompiled unity dll's ...
Register platform support module: C:/Program Files/Unity/Hub/Editor/2021.3.18f1/Editor/Data/PlaybackEngines/WindowsStandaloneSupport/UnityEditor.WindowsStandalone.Extensions.dll
Registered in 0.004280 seconds.
Native extension for WindowsStandalone target not found
Refreshing native plugins compatible for Editor in 63.25 ms, found 3 plugins.
Preloading 0 native plugins for Editor in 0.00 ms.
Mono: successfully reloaded assembly
- Completed reload, in  0.679 seconds
Domain Reload Profiling:
	ReloadAssembly (679ms)
		BeginReloadAssembly (108ms)
			ExecutionOrderSort (0ms)
			DisableScriptedObjects (0ms)
			BackupInstance (0ms)
			ReleaseScriptingObjects (0ms)
			CreateAndSetChildDomain (1ms)
		EndReloadAssembly (473ms)
			LoadAssemblies (106ms)
			RebuildTransferFunctionScriptingTraits (0ms)
			SetupTypeCache (94ms)
			ReleaseScriptCaches (0ms)
			RebuildScriptCaches (63ms)
			SetupLoadedEditorAssemblies (265ms)
				LogAssemblyErrors (0ms)
				InitializePlatformSupportModulesInManaged (7ms)
				SetLoadedEditorAssemblies (0ms)
				RefreshPlugins (63ms)
				BeforeProcessingInitializeOnLoad (1ms)
				ProcessInitializeOnLoadAttributes (146ms)
				ProcessInitializeOnLoadMethodAttributes (47ms)
				AfterProcessingInitializeOnLoad (0ms)
				EditorAssembliesLoaded (0ms)
			ExecutionOrderSort2 (0ms)
			AwakeInstancesAfterBackupRestoration (0ms)
Platform modules already initialized, skipping
Registering precompiled user dll's ...
Registered in 0.002821 seconds.
Begin MonoManager ReloadAssembly
Symbol file LoadedFromMemory doesn't match image C:\Users\thiena\DashToDish\DashToDish\Library\PackageCache\com.unity.visualscripting@1.8.0\Editor\VisualScripting.Core\Dependencies\YamlDotNet\Unity.VisualScripting.YamlDotNet.dll
Symbol file LoadedFromMemory doesn't match image C:\Users\thiena\DashToDish\DashToDish\Library\PackageCache\com.unity.visualscripting@1.8.0\Editor\VisualScripting.Core\Dependencies\DotNetZip\Unity.VisualScripting.IonicZip.dll
Native extension for WindowsStandalone target not found
Refreshing native plugins compatible for Editor in 0.60 ms, found 3 plugins.
Preloading 0 native plugins for Editor in 0.00 ms.
Mono: successfully reloaded assembly
- Completed reload, in  1.230 seconds
Domain Reload Profiling:
	ReloadAssembly (1231ms)
		BeginReloadAssembly (182ms)
			ExecutionOrderSort (0ms)
			DisableScriptedObjects (8ms)
			BackupInstance (0ms)
			ReleaseScriptingObjects (0ms)
			CreateAndSetChildDomain (31ms)
		EndReloadAssembly (942ms)
			LoadAssemblies (82ms)
			RebuildTransferFunctionScriptingTraits (0ms)
			SetupTypeCache (262ms)
			ReleaseScriptCaches (1ms)
			RebuildScriptCaches (45ms)
			SetupLoadedEditorAssemblies (518ms)
				LogAssemblyErrors (0ms)
				InitializePlatformSupportModulesInManaged (4ms)
				SetLoadedEditorAssemblies (0ms)
				RefreshPlugins (1ms)
				BeforeProcessingInitializeOnLoad (59ms)
				ProcessInitializeOnLoadAttributes (429ms)
				ProcessInitializeOnLoadMethodAttributes (18ms)
				AfterProcessingInitializeOnLoad (6ms)
				EditorAssembliesLoaded (0ms)
			ExecutionOrderSort2 (0ms)
			AwakeInstancesAfterBackupRestoration (5ms)
Platform modules already initialized, skipping
========================================================================
Worker process is ready to serve import requests
Launched and connected shader compiler UnityShaderCompiler.exe after 0.06 seconds
Refreshing native plugins compatible for Editor in 0.47 ms, found 3 plugins.
Preloading 0 native plugins for Editor in 0.00 ms.
Unloading 2977 Unused Serialized files (Serialized files now loaded: 0)
Unloading 21 unused Assets / (48.5 KB). Loaded Objects now: 3444.
Memory consumption went from 107.4 MB to 107.3 MB.
Total: 3.543400 ms (FindLiveObjects: 0.296900 ms CreateObjectMapping: 0.115400 ms MarkObjects: 3.023700 ms  DeleteObjects: 0.105700 ms)

AssetImportParameters requested are different than current active one (requested -> active):
  custom:video-decoder-ogg-theora: a1e56fd34408186e4bbccfd4996cb3dc -> 
  custom:container-muxer-webm: aa71ff27fc2769a1b78a27578f13a17b -> 
  custom:container-demuxer-webm: 4f35f7cbe854078d1ac9338744f61a02 -> 
  custom:video-encoder-webm-vp8: eb34c28f22e8b96e1ab97ce403110664 -> 
  custom:audio-encoder-webm-vorbis: bf7c407c2cedff20999df2af8eb42d56 -> 
  custom:framework-win-MediaFoundation: 216162199b28c13a410421893ffa2e32 -> 
  custom:container-demuxer-ogg: 62fdf1f143b41e24485cea50d1cbac27 -> 
  custom:video-decoder-webm-vp8: 9c59270c3fd7afecdb556c50c9e8de78 -> 
  custom:audio-decoder-ogg-vorbis: bf7c407c2cedff20999df2af8eb42d56 -> 
========================================================================
Received Import Request.
  Time since last request: 19078.619073 seconds.
  path: Assets/Alstrainfinite/KitchenAppliances/Prefabs
  artifactKey: Guid(657babed12cee9a4aa7f31cc9efe2082) Importer(815301076,1909f56bfc062723c751e8b465ee728b)
Start importing Assets/Alstrainfinite/KitchenAppliances/Prefabs using Guid(657babed12cee9a4aa7f31cc9efe2082) Importer(815301076,1909f56bfc062723c751e8b465ee728b)  -> (artifact id: 'bd5d2f89e18e2e203db57698db470bc6') in 0.014533 seconds 
========================================================================
Received Import Request.
  Time since last request: 0.000029 seconds.
  path: Assets/Alstrainfinite/KitchenAppliances/Prefabs/AirFryer.prefab
  artifactKey: Guid(fbfe382c29a4ab547a520eb7084a534c) Importer(815301076,1909f56bfc062723c751e8b465ee728b)
Start importing Assets/Alstrainfinite/KitchenAppliances/Prefabs/AirFryer.prefab using Guid(fbfe382c29a4ab547a520eb7084a534c) Importer(815301076,1909f56bfc062723c751e8b465ee728b)  -> (artifact id: '7c827076b083e13b1995a194be5ee2d4') in 0.123586 seconds 
========================================================================
Received Import Request.
  Time since last request: 0.000037 seconds.
  path: Assets/Alstrainfinite/KitchenAppliances
  artifactKey: Guid(0855232f43b48044582a4a2f0ccb43db) Importer(815301076,1909f56bfc062723c751e8b465ee728b)
Start importing Assets/Alstrainfinite/KitchenAppliances using Guid(0855232f43b48044582a4a2f0ccb43db) Importer(815301076,1909f56bfc062723c751e8b465ee728b)  -> (artifact id: '8e326a5691e315ab34427d2d9c23807b') in 0.009850 seconds 
========================================================================
Received Import Request.
  Time since last request: 0.000148 seconds.
  path: Assets/Alstrainfinite/KitchenAppliances/Prefabs/Fridge.prefab
  artifactKey: Guid(7b5ec1159cb969d4a8fe69fddc2f17d8) Importer(815301076,1909f56bfc062723c751e8b465ee728b)
Start importing Assets/Alstrainfinite/KitchenAppliances/Prefabs/Fridge.prefab using Guid(7b5ec1159cb969d4a8fe69fddc2f17d8) Importer(815301076,1909f56bfc062723c751e8b465ee728b)  -> (artifact id: '190d23d3f03c35b083b3929f4913e94c') in 0.037382 seconds 
========================================================================
Received Import Request.
  Time since last request: 0.000041 seconds.
  path: Assets/Alstrainfinite/KitchenAppliances/Prefabs/Mixer.prefab
  artifactKey: Guid(0bd166eac535dfd43bc28b43190b289a) Importer(815301076,1909f56bfc062723c751e8b465ee728b)
Start importing Assets/Alstrainfinite/KitchenAppliances/Prefabs/Mixer.prefab using Guid(0bd166eac535dfd43bc28b43190b289a) Importer(815301076,1909f56bfc062723c751e8b465ee728b)  -> (artifact id: '3227c9b9bd9aa7b4283d67884a646e78') in 0.034588 seconds 
========================================================================
Received Import Request.
  Time since last request: 0.000051 seconds.
  path: Assets/Alstrainfinite/KitchenAppliances/Prefabs/Dryer.prefab
  artifactKey: Guid(eae26ab7edb22a54e8fab415ccacc23e) Importer(815301076,1909f56bfc062723c751e8b465ee728b)
Start importing Assets/Alstrainfinite/KitchenAppliances/Prefabs/Dryer.prefab using Guid(eae26ab7edb22a54e8fab415ccacc23e) Importer(815301076,1909f56bfc062723c751e8b465ee728b)  -> (artifact id: 'fcbbb0a3f03f1fbedd482ae4330ba2ca') in 0.049563 seconds 
========================================================================
Received Import Request.
  Time since last request: 0.000045 seconds.
  path: Assets/Alstrainfinite/KitchenAppliances/Prefabs/Stovetop.prefab
  artifactKey: Guid(eb766ebb61571b14baf76b08c8426daa) Importer(815301076,1909f56bfc062723c751e8b465ee728b)
Start importing Assets/Alstrainfinite/KitchenAppliances/Prefabs/Stovetop.prefab using Guid(eb766ebb61571b14baf76b08c8426daa) Importer(815301076,1909f56bfc062723c751e8b465ee728b)  -> (artifact id: '508dddea2742b42869cc55d62e73a5f6') in 0.053371 seconds 
========================================================================
Received Import Request.
  Time since last request: 0.000044 seconds.
  path: Assets/Alstrainfinite/KitchenAppliances/Prefabs/Fridge_SBS.prefab
  artifactKey: Guid(51ed19930404371458e8d3152edbad78) Importer(815301076,1909f56bfc062723c751e8b465ee728b)
Start importing Assets/Alstrainfinite/KitchenAppliances/Prefabs/Fridge_SBS.prefab using Guid(51ed19930404371458e8d3152edbad78) Importer(815301076,1909f56bfc062723c751e8b465ee728b)  -> (artifact id: '737175054beaec46ceb613e6d1dbb895') in 0.048273 seconds 
========================================================================
Received Import Request.
  Time since last request: 222.377975 seconds.
  path: Assets/Alstrainfinite/KitchenAppliances/Prefabs/(Old) Version1.0/CoffeeMaker.prefab
  artifactKey: Guid(14fe1c4e689c6a14eb4f39a6eba45554) Importer(815301076,1909f56bfc062723c751e8b465ee728b)
Start importing Assets/Alstrainfinite/KitchenAppliances/Prefabs/(Old) Version1.0/CoffeeMaker.prefab using Guid(14fe1c4e689c6a14eb4f39a6eba45554) Importer(815301076,1909f56bfc062723c751e8b465ee728b)  -> (artifact id: 'ebe8ea474f50484aade06369b5097ec5') in 0.017984 seconds 
========================================================================
Received Import Request.
  Time since last request: 0.000022 seconds.
  path: Assets/Alstrainfinite/KitchenAppliances/Prefabs/(Old) Version1.0/Dryer.prefab
  artifactKey: Guid(3103dcc75cee1ec4cba217971fd184be) Importer(815301076,1909f56bfc062723c751e8b465ee728b)
Start importing Assets/Alstrainfinite/KitchenAppliances/Prefabs/(Old) Version1.0/Dryer.prefab using Guid(3103dcc75cee1ec4cba217971fd184be) Importer(815301076,1909f56bfc062723c751e8b465ee728b)  -> (artifact id: '209c9f9769f57e7b97db4cc08060034c') in 0.032077 seconds 
========================================================================
Received Import Request.
  Time since last request: 0.000063 seconds.
  path: Assets/Alstrainfinite/KitchenAppliances/Prefabs/(Old) Version1.0/Washer.prefab
  artifactKey: Guid(bbf651e99fd157f4e822b8b66371a946) Importer(815301076,1909f56bfc062723c751e8b465ee728b)
Start importing Assets/Alstrainfinite/KitchenAppliances/Prefabs/(Old) Version1.0/Washer.prefab using Guid(bbf651e99fd157f4e822b8b66371a946) Importer(815301076,1909f56bfc062723c751e8b465ee728b)  -> (artifact id: 'f4eab317f074c5845eb3a9d4532e3fb2') in 0.034134 seconds 
========================================================================
Received Import Request.
  Time since last request: 0.000026 seconds.
  path: Assets/Alstrainfinite/KitchenAppliances/Prefabs/(Old) Version1.0/Fridge.prefab
  artifactKey: Guid(330da43e025295745907828267994ff3) Importer(815301076,1909f56bfc062723c751e8b465ee728b)
Start importing Assets/Alstrainfinite/KitchenAppliances/Prefabs/(Old) Version1.0/Fridge.prefab using Guid(330da43e025295745907828267994ff3) Importer(815301076,1909f56bfc062723c751e8b465ee728b)  -> (artifact id: 'b38e0915cf08471751c970998b6c5a47') in 0.028258 seconds 
========================================================================
Received Import Request.
  Time since last request: 0.000028 seconds.
  path: Assets/Alstrainfinite/KitchenAppliances/Prefabs/(Old) Version1.0/Mixer.prefab
  artifactKey: Guid(51375fb1aaf7a3a47be8f808c0a789f1) Importer(815301076,1909f56bfc062723c751e8b465ee728b)
Start importing Assets/Alstrainfinite/KitchenAppliances/Prefabs/(Old) Version1.0/Mixer.prefab using Guid(51375fb1aaf7a3a47be8f808c0a789f1) Importer(815301076,1909f56bfc062723c751e8b465ee728b)  -> (artifact id: '6ae21d2f2da85571bad6152554b4bb22') in 0.025659 seconds 
========================================================================
Received Import Request.
  Time since last request: 0.000092 seconds.
  path: Assets/Alstrainfinite/KitchenAppliances/Prefabs/(Old) Version1.0/Stove.prefab
  artifactKey: Guid(8c673e3b356152a4ca8285cb58c4f615) Importer(815301076,1909f56bfc062723c751e8b465ee728b)
Start importing Assets/Alstrainfinite/KitchenAppliances/Prefabs/(Old) Version1.0/Stove.prefab using Guid(8c673e3b356152a4ca8285cb58c4f615) Importer(815301076,1909f56bfc062723c751e8b465ee728b)  -> (artifact id: 'f18c3b86ada12c454d0b9a978932e473') in 0.026514 seconds 
